2018-10-03 20:00:17,746 INFO  [Log] **************************************************************************************** 
2018-10-03 20:00:17,746 INFO  [Log] **************************************************************************************** 
2018-10-03 20:00:17,746 INFO  [Log] $$$$$$$$$$$$$$$$$$$$$                 Login_01       $$$$$$$$$$$$$$$$$$$$$$$$$ 
2018-10-03 20:00:17,746 INFO  [Log] **************************************************************************************** 
2018-10-03 20:00:17,746 INFO  [Log] **************************************************************************************** 
2018-10-03 20:00:17,747 INFO  [Log] XXXXXXXXXXXXXXXXXXXXXXX             -E---N---D-             XXXXXXXXXXXXXXXXXXXXXX 
2018-10-03 20:00:17,747 INFO  [Log] X 
2018-10-03 20:00:17,747 INFO  [Log] X 
2018-10-03 20:00:17,747 INFO  [Log] X 
2018-10-03 20:00:17,747 INFO  [Log] X 
2018-10-03 20:00:17,748 INFO  [Log] **************************************************************************************** 
2018-10-03 20:00:17,748 INFO  [Log] **************************************************************************************** 
2018-10-03 20:00:17,748 INFO  [Log] $$$$$$$$$$$$$$$$$$$$$                 Login_02       $$$$$$$$$$$$$$$$$$$$$$$$$ 
2018-10-03 20:00:17,748 INFO  [Log] **************************************************************************************** 
2018-10-03 20:00:17,748 INFO  [Log] **************************************************************************************** 
2018-10-03 20:00:17,748 INFO  [Log] XXXXXXXXXXXXXXXXXXXXXXX             -E---N---D-             XXXXXXXXXXXXXXXXXXXXXX 
2018-10-03 20:00:17,748 INFO  [Log] X 
2018-10-03 20:00:17,748 INFO  [Log] X 
2018-10-03 20:00:17,748 INFO  [Log] X 
2018-10-03 20:00:17,748 INFO  [Log] X 
2018-10-03 20:45:05,729 INFO  [Log] **************************************************************************************** 
2018-10-03 20:45:05,731 INFO  [Log] **************************************************************************************** 
2018-10-03 20:45:05,731 INFO  [Log] $$$$$$$$$$$$$$$$$$$$$                 Login_01       $$$$$$$$$$$$$$$$$$$$$$$$$ 
2018-10-03 20:45:05,731 INFO  [Log] **************************************************************************************** 
2018-10-03 20:45:05,731 INFO  [Log] **************************************************************************************** 
2018-10-03 20:45:05,731 ERROR [Log] Class Utils | Method getCellData | Exception desc : null 
2018-10-03 20:45:05,731 ERROR [Log] Class Utils | Method getCellData | Exception desc : null 
2018-10-03 20:45:05,732 INFO  [Log] XXXXXXXXXXXXXXXXXXXXXXX             -E---N---D-             XXXXXXXXXXXXXXXXXXXXXX 
2018-10-03 20:45:05,732 INFO  [Log] X 
2018-10-03 20:45:05,732 INFO  [Log] X 
2018-10-03 20:45:05,732 INFO  [Log] X 
2018-10-03 20:45:05,732 INFO  [Log] X 
2018-10-03 20:45:05,732 INFO  [Log] **************************************************************************************** 
2018-10-03 20:45:05,732 INFO  [Log] **************************************************************************************** 
2018-10-03 20:45:05,732 INFO  [Log] $$$$$$$$$$$$$$$$$$$$$                 Login_02       $$$$$$$$$$$$$$$$$$$$$$$$$ 
2018-10-03 20:45:05,732 INFO  [Log] **************************************************************************************** 
2018-10-03 20:45:05,732 INFO  [Log] **************************************************************************************** 
2018-10-03 20:45:05,732 ERROR [Log] Class Utils | Method getCellData | Exception desc : null 
2018-10-03 20:45:05,733 ERROR [Log] Class Utils | Method getCellData | Exception desc : null 
2018-10-03 20:45:05,733 INFO  [Log] XXXXXXXXXXXXXXXXXXXXXXX             -E---N---D-             XXXXXXXXXXXXXXXXXXXXXX 
2018-10-03 20:45:05,733 INFO  [Log] X 
2018-10-03 20:45:05,733 INFO  [Log] X 
2018-10-03 20:45:05,733 INFO  [Log] X 
2018-10-03 20:45:05,733 INFO  [Log] X 
2018-10-03 20:45:05,733 ERROR [Log] Class Utils | Method getCellData | Exception desc : null 
2018-10-03 20:45:05,733 ERROR [Log] Class Utils | Method getCellData | Exception desc : null 
2018-10-03 20:59:52,277 INFO  [Log] **************************************************************************************** 
2018-10-03 20:59:52,280 INFO  [Log] **************************************************************************************** 
2018-10-03 20:59:52,280 INFO  [Log] $$$$$$$$$$$$$$$$$$$$$                 Login_01       $$$$$$$$$$$$$$$$$$$$$$$$$ 
2018-10-03 20:59:52,280 INFO  [Log] **************************************************************************************** 
2018-10-03 20:59:52,280 INFO  [Log] **************************************************************************************** 
2018-10-03 20:59:52,281 ERROR [Log] Class Utils | Method getCellData | Exception desc : null 
2018-10-03 20:59:52,281 INFO  [Log] opening browser 
2018-10-03 21:00:03,464 INFO  [Log] Closing the browser 
2018-10-03 21:00:05,662 INFO  [Log] XXXXXXXXXXXXXXXXXXXXXXX             -E---N---D-             XXXXXXXXXXXXXXXXXXXXXX 
2018-10-03 21:00:05,662 INFO  [Log] X 
2018-10-03 21:00:05,662 INFO  [Log] X 
2018-10-03 21:00:05,662 INFO  [Log] X 
2018-10-03 21:00:05,662 INFO  [Log] X 
2018-10-03 21:00:05,663 INFO  [Log] **************************************************************************************** 
2018-10-03 21:00:05,663 INFO  [Log] **************************************************************************************** 
2018-10-03 21:00:05,663 INFO  [Log] $$$$$$$$$$$$$$$$$$$$$                 Login_02       $$$$$$$$$$$$$$$$$$$$$$$$$ 
2018-10-03 21:00:05,663 INFO  [Log] **************************************************************************************** 
2018-10-03 21:00:05,663 INFO  [Log] **************************************************************************************** 
2018-10-03 21:00:05,663 ERROR [Log] Class Utils | Method getCellData | Exception desc : null 
2018-10-03 21:00:05,706 INFO  [Log] XXXXXXXXXXXXXXXXXXXXXXX             -E---N---D-             XXXXXXXXXXXXXXXXXXXXXX 
2018-10-03 21:00:05,706 INFO  [Log] X 
2018-10-03 21:00:05,706 INFO  [Log] X 
2018-10-03 21:00:05,706 INFO  [Log] X 
2018-10-03 21:00:05,706 INFO  [Log] X 
2018-10-03 21:09:38,474 INFO  [Log] **************************************************************************************** 
2018-10-03 21:09:38,482 INFO  [Log] **************************************************************************************** 
2018-10-03 21:09:38,484 INFO  [Log] $$$$$$$$$$$$$$$$$$$$$                 Login_01       $$$$$$$$$$$$$$$$$$$$$$$$$ 
2018-10-03 21:09:38,486 INFO  [Log] **************************************************************************************** 
2018-10-03 21:09:38,487 INFO  [Log] **************************************************************************************** 
2018-10-03 21:09:42,921 ERROR [Log] Class Utils | Method getCellData | Exception desc : null 
2018-10-03 21:09:44,219 INFO  [Log] opening browser 
2018-10-03 21:10:38,768 INFO  [Log] Closing the browser 
2018-10-03 21:10:52,090 INFO  [Log] XXXXXXXXXXXXXXXXXXXXXXX             -E---N---D-             XXXXXXXXXXXXXXXXXXXXXX 
2018-10-03 21:10:52,096 INFO  [Log] X 
2018-10-03 21:10:52,097 INFO  [Log] X 
2018-10-03 21:10:52,098 INFO  [Log] X 
2018-10-03 21:10:52,099 INFO  [Log] X 
2018-10-03 21:14:12,394 INFO  [Log] **************************************************************************************** 
2018-10-03 21:14:12,394 INFO  [Log] **************************************************************************************** 
2018-10-03 21:14:12,395 INFO  [Log] $$$$$$$$$$$$$$$$$$$$$                 Login_01       $$$$$$$$$$$$$$$$$$$$$$$$$ 
2018-10-03 21:14:12,395 INFO  [Log] **************************************************************************************** 
2018-10-03 21:14:12,395 INFO  [Log] **************************************************************************************** 
2018-10-03 21:14:12,395 ERROR [Log] Class Utils | Method getCellData | Exception desc : null 
2018-10-03 21:14:12,395 INFO  [Log] opening browser 
2018-10-03 21:14:21,732 INFO  [Log] Closing the browser 
2018-10-03 21:14:23,745 INFO  [Log] XXXXXXXXXXXXXXXXXXXXXXX             -E---N---D-             XXXXXXXXXXXXXXXXXXXXXX 
2018-10-03 21:14:23,746 INFO  [Log] X 
2018-10-03 21:14:23,746 INFO  [Log] X 
2018-10-03 21:14:23,746 INFO  [Log] X 
2018-10-03 21:14:23,746 INFO  [Log] X 
2018-10-03 21:14:23,746 INFO  [Log] **************************************************************************************** 
2018-10-03 21:14:23,746 INFO  [Log] **************************************************************************************** 
2018-10-03 21:14:23,746 INFO  [Log] $$$$$$$$$$$$$$$$$$$$$                 Login_02       $$$$$$$$$$$$$$$$$$$$$$$$$ 
2018-10-03 21:14:23,746 INFO  [Log] **************************************************************************************** 
2018-10-03 21:14:23,746 INFO  [Log] **************************************************************************************** 
2018-10-03 21:14:23,747 ERROR [Log] Class Utils | Method getCellData | Exception desc : null 
2018-10-03 21:14:23,788 INFO  [Log] XXXXXXXXXXXXXXXXXXXXXXX             -E---N---D-             XXXXXXXXXXXXXXXXXXXXXX 
2018-10-03 21:14:23,788 INFO  [Log] X 
2018-10-03 21:14:23,788 INFO  [Log] X 
2018-10-03 21:14:23,788 INFO  [Log] X 
2018-10-03 21:14:23,788 INFO  [Log] X 
2018-10-03 21:44:10,541 INFO  [Log] **************************************************************************************** 
2018-10-03 21:44:10,542 INFO  [Log] **************************************************************************************** 
2018-10-03 21:44:10,542 INFO  [Log] $$$$$$$$$$$$$$$$$$$$$                 Login_01       $$$$$$$$$$$$$$$$$$$$$$$$$ 
2018-10-03 21:44:10,542 INFO  [Log] **************************************************************************************** 
2018-10-03 21:44:10,542 INFO  [Log] **************************************************************************************** 
2018-10-03 21:44:10,542 ERROR [Log] Class Utils | Method getCellData | Exception desc : null 
2018-10-03 21:44:10,542 INFO  [Log] opening browser 
2018-10-03 21:44:25,092 INFO  [Log] Closing the browser 
2018-10-03 21:44:28,809 INFO  [Log] XXXXXXXXXXXXXXXXXXXXXXX             -E---N---D-             XXXXXXXXXXXXXXXXXXXXXX 
2018-10-03 21:44:28,810 INFO  [Log] X 
2018-10-03 21:44:28,810 INFO  [Log] X 
2018-10-03 21:44:28,810 INFO  [Log] X 
2018-10-03 21:44:28,810 INFO  [Log] X 
2018-10-03 21:44:28,810 INFO  [Log] **************************************************************************************** 
2018-10-03 21:44:28,810 INFO  [Log] **************************************************************************************** 
2018-10-03 21:44:28,812 INFO  [Log] $$$$$$$$$$$$$$$$$$$$$                 Login_02       $$$$$$$$$$$$$$$$$$$$$$$$$ 
2018-10-03 21:44:28,812 INFO  [Log] **************************************************************************************** 
2018-10-03 21:44:28,812 INFO  [Log] **************************************************************************************** 
2018-10-03 21:44:28,812 ERROR [Log] Class Utils | Method getCellData | Exception desc : null 
2018-10-03 21:44:28,812 INFO  [Log] Navigate to URL 
2018-10-03 21:44:28,833 INFO  [Log] Not able to navigate --- Session ID is null. Using WebDriver after calling quit()?
Build info: version: '2.53.1', revision: 'a36b8b1', time: '2016-06-30 17:37:03'
System info: host: 'HYDVMIOAMMANRR1', ip: '10.181.136.74', os.name: 'Windows 7', os.arch: 'x86', os.version: '6.1', java.version: '1.8.0_152'
Driver info: driver.version: RemoteWebDriver 
2018-10-03 21:44:28,834 INFO  [Log] Closing the browser 
2018-10-03 21:44:28,835 INFO  [Log] XXXXXXXXXXXXXXXXXXXXXXX             -E---N---D-             XXXXXXXXXXXXXXXXXXXXXX 
2018-10-03 21:44:28,835 INFO  [Log] X 
2018-10-03 21:44:28,835 INFO  [Log] X 
2018-10-03 21:44:28,835 INFO  [Log] X 
2018-10-03 21:44:28,835 INFO  [Log] X 
2018-10-03 21:45:55,698 INFO  [Log] **************************************************************************************** 
2018-10-03 21:45:55,699 INFO  [Log] **************************************************************************************** 
2018-10-03 21:45:55,699 INFO  [Log] $$$$$$$$$$$$$$$$$$$$$                 Login_01       $$$$$$$$$$$$$$$$$$$$$$$$$ 
2018-10-03 21:45:55,699 INFO  [Log] **************************************************************************************** 
2018-10-03 21:45:55,699 INFO  [Log] **************************************************************************************** 
2018-10-03 21:45:55,700 ERROR [Log] Class Utils | Method getCellData | Exception desc : null 
2018-10-03 21:45:55,700 INFO  [Log] opening browser 
2018-10-03 21:46:09,126 INFO  [Log] Closing the browser 
2018-10-03 21:46:12,437 INFO  [Log] XXXXXXXXXXXXXXXXXXXXXXX             -E---N---D-             XXXXXXXXXXXXXXXXXXXXXX 
2018-10-03 21:46:12,437 INFO  [Log] X 
2018-10-03 21:46:12,437 INFO  [Log] X 
2018-10-03 21:46:12,437 INFO  [Log] X 
2018-10-03 21:46:12,437 INFO  [Log] X 
2018-10-03 21:46:12,438 INFO  [Log] **************************************************************************************** 
2018-10-03 21:46:12,438 INFO  [Log] **************************************************************************************** 
2018-10-03 21:46:12,438 INFO  [Log] $$$$$$$$$$$$$$$$$$$$$                 Login_02       $$$$$$$$$$$$$$$$$$$$$$$$$ 
2018-10-03 21:46:12,438 INFO  [Log] **************************************************************************************** 
2018-10-03 21:46:12,438 INFO  [Log] **************************************************************************************** 
2018-10-03 21:46:12,438 ERROR [Log] Class Utils | Method getCellData | Exception desc : null 
2018-10-03 21:46:12,438 INFO  [Log] Navigate to URL 
2018-10-03 21:46:12,462 INFO  [Log] Not able to navigate --- Session ID is null. Using WebDriver after calling quit()?
Build info: version: '2.53.1', revision: 'a36b8b1', time: '2016-06-30 17:37:03'
System info: host: 'HYDVMIOAMMANRR1', ip: '10.181.136.74', os.name: 'Windows 7', os.arch: 'x86', os.version: '6.1', java.version: '1.8.0_152'
Driver info: driver.version: RemoteWebDriver 
2018-10-03 21:46:12,545 INFO  [Log] Closing the browser 
2018-10-03 21:46:12,577 INFO  [Log] XXXXXXXXXXXXXXXXXXXXXXX             -E---N---D-             XXXXXXXXXXXXXXXXXXXXXX 
2018-10-03 21:46:12,578 INFO  [Log] X 
2018-10-03 21:46:12,578 INFO  [Log] X 
2018-10-03 21:46:12,578 INFO  [Log] X 
2018-10-03 21:46:12,578 INFO  [Log] X 
2018-10-03 21:53:00,508 INFO  [Log] **************************************************************************************** 
2018-10-03 21:53:00,510 INFO  [Log] **************************************************************************************** 
2018-10-03 21:53:00,510 INFO  [Log] $$$$$$$$$$$$$$$$$$$$$                 Login_01       $$$$$$$$$$$$$$$$$$$$$$$$$ 
2018-10-03 21:53:00,510 INFO  [Log] **************************************************************************************** 
2018-10-03 21:53:00,510 INFO  [Log] **************************************************************************************** 
2018-10-03 21:53:00,510 ERROR [Log] Class Utils | Method getCellData | Exception desc : null 
2018-10-03 21:53:00,510 INFO  [Log] opening browser 
2018-10-03 21:53:10,086 INFO  [Log] Closing the browser 
2018-10-03 21:53:13,385 INFO  [Log] XXXXXXXXXXXXXXXXXXXXXXX             -E---N---D-             XXXXXXXXXXXXXXXXXXXXXX 
2018-10-03 21:53:13,385 INFO  [Log] X 
2018-10-03 21:53:13,385 INFO  [Log] X 
2018-10-03 21:53:13,385 INFO  [Log] X 
2018-10-03 21:53:13,385 INFO  [Log] X 
2018-10-03 21:53:13,386 INFO  [Log] **************************************************************************************** 
2018-10-03 21:53:13,386 INFO  [Log] **************************************************************************************** 
2018-10-03 21:53:13,386 INFO  [Log] $$$$$$$$$$$$$$$$$$$$$                 Login_02       $$$$$$$$$$$$$$$$$$$$$$$$$ 
2018-10-03 21:53:13,386 INFO  [Log] **************************************************************************************** 
2018-10-03 21:53:13,386 INFO  [Log] **************************************************************************************** 
2018-10-03 21:53:13,386 ERROR [Log] Class Utils | Method getCellData | Exception desc : null 
2018-10-03 21:53:13,386 INFO  [Log] Navigate to URL 
2018-10-03 21:53:13,408 INFO  [Log] Not able to navigate --- Session ID is null. Using WebDriver after calling quit()?
Build info: version: '2.53.1', revision: 'a36b8b1', time: '2016-06-30 17:37:03'
System info: host: 'HYDVMIOAMMANRR1', ip: '10.181.136.74', os.name: 'Windows 7', os.arch: 'x86', os.version: '6.1', java.version: '1.8.0_152'
Driver info: driver.version: RemoteWebDriver 
2018-10-03 21:53:13,450 INFO  [Log] Closing the browser 
2018-10-03 21:53:13,489 INFO  [Log] XXXXXXXXXXXXXXXXXXXXXXX             -E---N---D-             XXXXXXXXXXXXXXXXXXXXXX 
2018-10-03 21:53:13,489 INFO  [Log] X 
2018-10-03 21:53:13,489 INFO  [Log] X 
2018-10-03 21:53:13,490 INFO  [Log] X 
2018-10-03 21:53:13,490 INFO  [Log] X 
2018-10-03 21:54:00,664 INFO  [Log] **************************************************************************************** 
2018-10-03 21:54:00,664 INFO  [Log] **************************************************************************************** 
2018-10-03 21:54:00,664 INFO  [Log] $$$$$$$$$$$$$$$$$$$$$                 Login_01       $$$$$$$$$$$$$$$$$$$$$$$$$ 
2018-10-03 21:54:00,664 INFO  [Log] **************************************************************************************** 
2018-10-03 21:54:00,664 INFO  [Log] **************************************************************************************** 
2018-10-03 21:54:00,665 ERROR [Log] Class Utils | Method getCellData | Exception desc : null 
2018-10-03 21:54:00,665 INFO  [Log] opening browser 
2018-10-03 21:54:09,041 INFO  [Log] Closing the browser 
2018-10-03 21:54:10,801 INFO  [Log] XXXXXXXXXXXXXXXXXXXXXXX             -E---N---D-             XXXXXXXXXXXXXXXXXXXXXX 
2018-10-03 21:54:10,801 INFO  [Log] X 
2018-10-03 21:54:10,801 INFO  [Log] X 
2018-10-03 21:54:10,801 INFO  [Log] X 
2018-10-03 21:54:10,801 INFO  [Log] X 
2018-10-03 21:54:10,801 INFO  [Log] **************************************************************************************** 
2018-10-03 21:54:10,802 INFO  [Log] **************************************************************************************** 
2018-10-03 21:54:10,802 INFO  [Log] $$$$$$$$$$$$$$$$$$$$$                 Login_02       $$$$$$$$$$$$$$$$$$$$$$$$$ 
2018-10-03 21:54:10,802 INFO  [Log] **************************************************************************************** 
2018-10-03 21:54:10,802 INFO  [Log] **************************************************************************************** 
2018-10-03 21:54:10,802 ERROR [Log] Class Utils | Method getCellData | Exception desc : null 
2018-10-03 21:54:10,802 INFO  [Log] Navigate to URL 
2018-10-03 21:54:10,819 INFO  [Log] Not able to navigate --- Session ID is null. Using WebDriver after calling quit()?
Build info: version: '2.53.1', revision: 'a36b8b1', time: '2016-06-30 17:37:03'
System info: host: 'HYDVMIOAMMANRR1', ip: '10.181.136.74', os.name: 'Windows 7', os.arch: 'x86', os.version: '6.1', java.version: '1.8.0_152'
Driver info: driver.version: RemoteWebDriver 
2018-10-03 21:54:10,857 INFO  [Log] Closing the browser 
2018-10-03 21:54:10,903 INFO  [Log] XXXXXXXXXXXXXXXXXXXXXXX             -E---N---D-             XXXXXXXXXXXXXXXXXXXXXX 
2018-10-03 21:54:10,903 INFO  [Log] X 
2018-10-03 21:54:10,903 INFO  [Log] X 
2018-10-03 21:54:10,903 INFO  [Log] X 
2018-10-03 21:54:10,904 INFO  [Log] X 
2018-10-04 00:32:17,859 ERROR [Log] Class Utils | Method getCellData | Exception desc : null 
2018-10-04 00:32:17,861 INFO  [Log] **************************************************************************************** 
2018-10-04 00:32:17,861 INFO  [Log] **************************************************************************************** 
2018-10-04 00:32:17,861 INFO  [Log] $$$$$$$$$$$$$$$$$$$$$                 Login_01       $$$$$$$$$$$$$$$$$$$$$$$$$ 
2018-10-04 00:32:17,861 INFO  [Log] **************************************************************************************** 
2018-10-04 00:32:17,861 INFO  [Log] **************************************************************************************** 
2018-10-04 00:32:17,862 ERROR [Log] Class Utils | Method getCellData | Exception desc : null 
2018-10-04 00:32:17,862 INFO  [Log] opening browser 
2018-10-04 00:32:27,773 INFO  [Log] Closing the browser 
2018-10-04 00:32:29,646 INFO  [Log] XXXXXXXXXXXXXXXXXXXXXXX             -E---N---D-             XXXXXXXXXXXXXXXXXXXXXX 
2018-10-04 00:32:29,646 INFO  [Log] X 
2018-10-04 00:32:29,646 INFO  [Log] X 
2018-10-04 00:32:29,646 INFO  [Log] X 
2018-10-04 00:32:29,646 INFO  [Log] X 
2018-10-04 00:32:29,647 ERROR [Log] Class Utils | Method getCellData | Exception desc : null 
2018-10-04 00:32:29,647 INFO  [Log] **************************************************************************************** 
2018-10-04 00:32:29,647 INFO  [Log] **************************************************************************************** 
2018-10-04 00:32:29,647 INFO  [Log] $$$$$$$$$$$$$$$$$$$$$                 Login_02       $$$$$$$$$$$$$$$$$$$$$$$$$ 
2018-10-04 00:32:29,647 INFO  [Log] **************************************************************************************** 
2018-10-04 00:32:29,647 INFO  [Log] **************************************************************************************** 
2018-10-04 00:32:29,690 INFO  [Log] XXXXXXXXXXXXXXXXXXXXXXX             -E---N---D-             XXXXXXXXXXXXXXXXXXXXXX 
2018-10-04 00:32:29,690 INFO  [Log] X 
2018-10-04 00:32:29,690 INFO  [Log] X 
2018-10-04 00:32:29,690 INFO  [Log] X 
2018-10-04 00:32:29,690 INFO  [Log] X 
2018-10-04 00:44:55,517 ERROR [Log] Class Utils | Method getCellData | Exception desc : null 
2018-10-04 00:44:55,518 INFO  [Log] **************************************************************************************** 
2018-10-04 00:44:55,518 INFO  [Log] **************************************************************************************** 
2018-10-04 00:44:55,518 INFO  [Log] $$$$$$$$$$$$$$$$$$$$$                 Login_01       $$$$$$$$$$$$$$$$$$$$$$$$$ 
2018-10-04 00:44:55,518 INFO  [Log] **************************************************************************************** 
2018-10-04 00:44:55,518 INFO  [Log] **************************************************************************************** 
2018-10-04 00:44:55,519 ERROR [Log] Class Utils | Method getCellData | Exception desc : null 
2018-10-04 00:44:55,519 INFO  [Log] opening browser 
2018-10-04 00:45:03,251 INFO  [Log] Closing the browser 
2018-10-04 00:45:05,273 INFO  [Log] XXXXXXXXXXXXXXXXXXXXXXX             -E---N---D-             XXXXXXXXXXXXXXXXXXXXXX 
2018-10-04 00:45:05,273 INFO  [Log] X 
2018-10-04 00:45:05,273 INFO  [Log] X 
2018-10-04 00:45:05,273 INFO  [Log] X 
2018-10-04 00:45:05,273 INFO  [Log] X 
2018-10-04 00:45:05,274 ERROR [Log] Class Utils | Method getCellData | Exception desc : null 
2018-10-04 00:45:05,274 INFO  [Log] **************************************************************************************** 
2018-10-04 00:45:05,274 INFO  [Log] **************************************************************************************** 
2018-10-04 00:45:05,274 INFO  [Log] $$$$$$$$$$$$$$$$$$$$$                 Login_02       $$$$$$$$$$$$$$$$$$$$$$$$$ 
2018-10-04 00:45:05,274 INFO  [Log] **************************************************************************************** 
2018-10-04 00:45:05,274 INFO  [Log] **************************************************************************************** 
2018-10-04 00:45:05,319 INFO  [Log] XXXXXXXXXXXXXXXXXXXXXXX             -E---N---D-             XXXXXXXXXXXXXXXXXXXXXX 
2018-10-04 00:45:05,319 INFO  [Log] X 
2018-10-04 00:45:05,319 INFO  [Log] X 
2018-10-04 00:45:05,319 INFO  [Log] X 
2018-10-04 00:45:05,319 INFO  [Log] X 
2018-10-04 00:45:59,420 ERROR [Log] Class Utils | Method getCellData | Exception desc : null 
2018-10-04 00:45:59,421 INFO  [Log] **************************************************************************************** 
2018-10-04 00:45:59,421 INFO  [Log] **************************************************************************************** 
2018-10-04 00:45:59,421 INFO  [Log] $$$$$$$$$$$$$$$$$$$$$                 Login_02       $$$$$$$$$$$$$$$$$$$$$$$$$ 
2018-10-04 00:45:59,421 INFO  [Log] **************************************************************************************** 
2018-10-04 00:45:59,421 INFO  [Log] **************************************************************************************** 
2018-10-04 00:45:59,640 INFO  [Log] XXXXXXXXXXXXXXXXXXXXXXX             -E---N---D-             XXXXXXXXXXXXXXXXXXXXXX 
2018-10-04 00:45:59,640 INFO  [Log] X 
2018-10-04 00:45:59,640 INFO  [Log] X 
2018-10-04 00:45:59,640 INFO  [Log] X 
2018-10-04 00:45:59,640 INFO  [Log] X 
2018-10-04 00:47:00,941 ERROR [Log] Class Utils | Method getCellData | Exception desc : null 
2018-10-04 00:47:00,942 INFO  [Log] **************************************************************************************** 
2018-10-04 00:47:00,942 INFO  [Log] **************************************************************************************** 
2018-10-04 00:47:00,943 INFO  [Log] $$$$$$$$$$$$$$$$$$$$$                 Login_02       $$$$$$$$$$$$$$$$$$$$$$$$$ 
2018-10-04 00:47:00,943 INFO  [Log] **************************************************************************************** 
2018-10-04 00:47:00,943 INFO  [Log] **************************************************************************************** 
2018-10-04 00:47:01,281 INFO  [Log] XXXXXXXXXXXXXXXXXXXXXXX             -E---N---D-             XXXXXXXXXXXXXXXXXXXXXX 
2018-10-04 00:47:01,282 INFO  [Log] X 
2018-10-04 00:47:01,282 INFO  [Log] X 
2018-10-04 00:47:01,282 INFO  [Log] X 
2018-10-04 00:47:01,282 INFO  [Log] X 
2018-10-04 00:55:09,018 ERROR [Log] Class Utils | Method getCellData | Exception desc : null 
2018-10-04 00:55:12,072 INFO  [Log] **************************************************************************************** 
2018-10-04 00:55:12,074 INFO  [Log] **************************************************************************************** 
2018-10-04 00:55:12,075 INFO  [Log] $$$$$$$$$$$$$$$$$$$$$                 Login_02       $$$$$$$$$$$$$$$$$$$$$$$$$ 
2018-10-04 00:55:12,076 INFO  [Log] **************************************************************************************** 
2018-10-04 00:55:12,077 INFO  [Log] **************************************************************************************** 
2018-10-04 00:55:20,774 INFO  [Log] XXXXXXXXXXXXXXXXXXXXXXX             -E---N---D-             XXXXXXXXXXXXXXXXXXXXXX 
2018-10-04 00:55:20,776 INFO  [Log] X 
2018-10-04 00:55:20,776 INFO  [Log] X 
2018-10-04 00:55:20,777 INFO  [Log] X 
2018-10-04 00:55:20,778 INFO  [Log] X 
2018-10-04 00:59:21,619 ERROR [Log] Class Utils | Method getCellData | Exception desc : null 
2018-10-04 00:59:21,619 INFO  [Log] **************************************************************************************** 
2018-10-04 00:59:21,620 INFO  [Log] **************************************************************************************** 
2018-10-04 00:59:21,620 INFO  [Log] $$$$$$$$$$$$$$$$$$$$$                 Login_02       $$$$$$$$$$$$$$$$$$$$$$$$$ 
2018-10-04 00:59:21,620 INFO  [Log] **************************************************************************************** 
2018-10-04 00:59:21,620 INFO  [Log] **************************************************************************************** 
2018-10-04 00:59:21,799 INFO  [Log] XXXXXXXXXXXXXXXXXXXXXXX             -E---N---D-             XXXXXXXXXXXXXXXXXXXXXX 
2018-10-04 00:59:21,799 INFO  [Log] X 
2018-10-04 00:59:21,799 INFO  [Log] X 
2018-10-04 00:59:21,799 INFO  [Log] X 
2018-10-04 00:59:21,799 INFO  [Log] X 
2018-10-04 01:01:11,523 ERROR [Log] Class Utils | Method getCellData | Exception desc : null 
2018-10-04 01:01:11,524 INFO  [Log] **************************************************************************************** 
2018-10-04 01:01:11,524 INFO  [Log] **************************************************************************************** 
2018-10-04 01:01:11,524 INFO  [Log] $$$$$$$$$$$$$$$$$$$$$                 Login_02       $$$$$$$$$$$$$$$$$$$$$$$$$ 
2018-10-04 01:01:11,524 INFO  [Log] **************************************************************************************** 
2018-10-04 01:01:11,524 INFO  [Log] **************************************************************************************** 
2018-10-04 01:01:11,529 INFO  [Log] XXXXXXXXXXXXXXXXXXXXXXX             -E---N---D-             XXXXXXXXXXXXXXXXXXXXXX 
2018-10-04 01:01:11,529 INFO  [Log] X 
2018-10-04 01:01:11,529 INFO  [Log] X 
2018-10-04 01:01:11,529 INFO  [Log] X 
2018-10-04 01:01:11,529 INFO  [Log] X 
2018-10-04 01:01:19,622 ERROR [Log] Class Utils | Method getCellData | Exception desc : null 
2018-10-04 01:01:19,625 INFO  [Log] **************************************************************************************** 
2018-10-04 01:01:19,625 INFO  [Log] **************************************************************************************** 
2018-10-04 01:01:19,625 INFO  [Log] $$$$$$$$$$$$$$$$$$$$$                 Login_02       $$$$$$$$$$$$$$$$$$$$$$$$$ 
2018-10-04 01:01:19,625 INFO  [Log] **************************************************************************************** 
2018-10-04 01:01:19,625 INFO  [Log] **************************************************************************************** 
2018-10-04 01:01:19,628 INFO  [Log] XXXXXXXXXXXXXXXXXXXXXXX             -E---N---D-             XXXXXXXXXXXXXXXXXXXXXX 
2018-10-04 01:01:19,628 INFO  [Log] X 
2018-10-04 01:01:19,628 INFO  [Log] X 
2018-10-04 01:01:19,628 INFO  [Log] X 
2018-10-04 01:01:19,628 INFO  [Log] X 
2018-10-04 01:01:34,070 ERROR [Log] Class Utils | Method getCellData | Exception desc : null 
2018-10-04 01:01:34,072 INFO  [Log] **************************************************************************************** 
2018-10-04 01:01:34,072 INFO  [Log] **************************************************************************************** 
2018-10-04 01:01:34,072 INFO  [Log] $$$$$$$$$$$$$$$$$$$$$                 Login_02       $$$$$$$$$$$$$$$$$$$$$$$$$ 
2018-10-04 01:01:34,072 INFO  [Log] **************************************************************************************** 
2018-10-04 01:01:34,072 INFO  [Log] **************************************************************************************** 
2018-10-04 01:01:34,432 INFO  [Log] XXXXXXXXXXXXXXXXXXXXXXX             -E---N---D-             XXXXXXXXXXXXXXXXXXXXXX 
2018-10-04 01:01:34,432 INFO  [Log] X 
2018-10-04 01:01:34,432 INFO  [Log] X 
2018-10-04 01:01:34,432 INFO  [Log] X 
2018-10-04 01:01:34,432 INFO  [Log] X 
2018-10-04 12:54:30,346 ERROR [Log] Class Utils | Method getCellData | Exception desc : null 
2018-10-04 12:54:30,347 INFO  [Log] **************************************************************************************** 
2018-10-04 12:54:30,347 INFO  [Log] **************************************************************************************** 
2018-10-04 12:54:30,347 INFO  [Log] $$$$$$$$$$$$$$$$$$$$$                 Login_02       $$$$$$$$$$$$$$$$$$$$$$$$$ 
2018-10-04 12:54:30,347 INFO  [Log] **************************************************************************************** 
2018-10-04 12:54:30,347 INFO  [Log] **************************************************************************************** 
2018-10-04 12:54:30,673 INFO  [Log] XXXXXXXXXXXXXXXXXXXXXXX             -E---N---D-             XXXXXXXXXXXXXXXXXXXXXX 
2018-10-04 12:54:30,673 INFO  [Log] X 
2018-10-04 12:54:30,673 INFO  [Log] X 
2018-10-04 12:54:30,674 INFO  [Log] X 
2018-10-04 12:54:30,674 INFO  [Log] X 
2018-10-04 13:04:44,586 ERROR [Log] Class Utils | Method getCellData | Exception desc : null 
2018-10-04 13:04:44,586 INFO  [Log] **************************************************************************************** 
2018-10-04 13:04:44,586 INFO  [Log] **************************************************************************************** 
2018-10-04 13:04:44,586 INFO  [Log] $$$$$$$$$$$$$$$$$$$$$                 Login_01       $$$$$$$$$$$$$$$$$$$$$$$$$ 
2018-10-04 13:04:44,587 INFO  [Log] **************************************************************************************** 
2018-10-04 13:04:44,587 INFO  [Log] **************************************************************************************** 
2018-10-04 13:04:44,587 ERROR [Log] Class Utils | Method getCellData | Exception desc : null 
2018-10-04 13:04:44,587 INFO  [Log] opening browser 
2018-10-04 13:04:52,539 INFO  [Log] Closing the browser 
2018-10-04 13:04:54,041 INFO  [Log] XXXXXXXXXXXXXXXXXXXXXXX             -E---N---D-             XXXXXXXXXXXXXXXXXXXXXX 
2018-10-04 13:04:54,041 INFO  [Log] X 
2018-10-04 13:04:54,041 INFO  [Log] X 
2018-10-04 13:04:54,041 INFO  [Log] X 
2018-10-04 13:04:54,041 INFO  [Log] X 
2018-10-04 13:04:54,044 ERROR [Log] Class Utils | Method getCellData | Exception desc : null 
2018-10-04 13:04:54,044 INFO  [Log] **************************************************************************************** 
2018-10-04 13:04:54,044 INFO  [Log] **************************************************************************************** 
2018-10-04 13:04:54,044 INFO  [Log] $$$$$$$$$$$$$$$$$$$$$                 Login_02       $$$$$$$$$$$$$$$$$$$$$$$$$ 
2018-10-04 13:04:54,044 INFO  [Log] **************************************************************************************** 
2018-10-04 13:04:54,044 INFO  [Log] **************************************************************************************** 
2018-10-04 13:04:54,046 INFO  [Log] XXXXXXXXXXXXXXXXXXXXXXX             -E---N---D-             XXXXXXXXXXXXXXXXXXXXXX 
2018-10-04 13:04:54,046 INFO  [Log] X 
2018-10-04 13:04:54,046 INFO  [Log] X 
2018-10-04 13:04:54,046 INFO  [Log] X 
2018-10-04 13:04:54,046 INFO  [Log] X 
2018-10-04 13:07:21,144 ERROR [Log] Class Utils | Method getCellData | Exception desc : null 
2018-10-04 13:07:21,144 INFO  [Log] **************************************************************************************** 
2018-10-04 13:07:21,144 INFO  [Log] **************************************************************************************** 
2018-10-04 13:07:21,145 INFO  [Log] $$$$$$$$$$$$$$$$$$$$$                 Login_01       $$$$$$$$$$$$$$$$$$$$$$$$$ 
2018-10-04 13:07:21,145 INFO  [Log] **************************************************************************************** 
2018-10-04 13:07:21,145 INFO  [Log] **************************************************************************************** 
2018-10-04 13:07:21,145 ERROR [Log] Class Utils | Method getCellData | Exception desc : null 
2018-10-04 13:07:21,145 INFO  [Log] opening browser 
2018-10-04 13:07:27,875 INFO  [Log] Closing the browser 
2018-10-04 13:07:29,230 INFO  [Log] XXXXXXXXXXXXXXXXXXXXXXX             -E---N---D-             XXXXXXXXXXXXXXXXXXXXXX 
2018-10-04 13:07:29,230 INFO  [Log] X 
2018-10-04 13:07:29,230 INFO  [Log] X 
2018-10-04 13:07:29,230 INFO  [Log] X 
2018-10-04 13:07:29,230 INFO  [Log] X 
2018-10-04 13:07:29,230 ERROR [Log] Class Utils | Method getCellData | Exception desc : null 
2018-10-04 13:07:29,230 INFO  [Log] **************************************************************************************** 
2018-10-04 13:07:29,230 INFO  [Log] **************************************************************************************** 
2018-10-04 13:07:29,230 INFO  [Log] $$$$$$$$$$$$$$$$$$$$$                 Login_02       $$$$$$$$$$$$$$$$$$$$$$$$$ 
2018-10-04 13:07:29,230 INFO  [Log] **************************************************************************************** 
2018-10-04 13:07:29,230 INFO  [Log] **************************************************************************************** 
2018-10-04 13:07:29,231 INFO  [Log] XXXXXXXXXXXXXXXXXXXXXXX             -E---N---D-             XXXXXXXXXXXXXXXXXXXXXX 
2018-10-04 13:07:29,231 INFO  [Log] X 
2018-10-04 13:07:29,231 INFO  [Log] X 
2018-10-04 13:07:29,231 INFO  [Log] X 
2018-10-04 13:07:29,231 INFO  [Log] X 
2018-10-04 13:07:50,295 ERROR [Log] Class Utils | Method getCellData | Exception desc : null 
2018-10-04 13:07:50,295 INFO  [Log] **************************************************************************************** 
2018-10-04 13:07:50,295 INFO  [Log] **************************************************************************************** 
2018-10-04 13:07:50,295 INFO  [Log] $$$$$$$$$$$$$$$$$$$$$                 Login_01       $$$$$$$$$$$$$$$$$$$$$$$$$ 
2018-10-04 13:07:50,295 INFO  [Log] **************************************************************************************** 
2018-10-04 13:07:50,295 INFO  [Log] **************************************************************************************** 
2018-10-04 13:07:50,297 ERROR [Log] Class Utils | Method getCellData | Exception desc : null 
2018-10-04 13:07:50,297 INFO  [Log] opening browser 
2018-10-04 13:07:56,277 INFO  [Log] Closing the browser 
2018-10-04 13:07:57,573 INFO  [Log] XXXXXXXXXXXXXXXXXXXXXXX             -E---N---D-             XXXXXXXXXXXXXXXXXXXXXX 
2018-10-04 13:07:57,573 INFO  [Log] X 
2018-10-04 13:07:57,573 INFO  [Log] X 
2018-10-04 13:07:57,573 INFO  [Log] X 
2018-10-04 13:07:57,573 INFO  [Log] X 
2018-10-04 13:07:57,576 ERROR [Log] Class Utils | Method getCellData | Exception desc : null 
2018-10-04 13:07:57,576 INFO  [Log] **************************************************************************************** 
2018-10-04 13:07:57,576 INFO  [Log] **************************************************************************************** 
2018-10-04 13:07:57,576 INFO  [Log] $$$$$$$$$$$$$$$$$$$$$                 Login_02       $$$$$$$$$$$$$$$$$$$$$$$$$ 
2018-10-04 13:07:57,576 INFO  [Log] **************************************************************************************** 
2018-10-04 13:07:57,576 INFO  [Log] **************************************************************************************** 
2018-10-04 13:07:57,577 INFO  [Log] XXXXXXXXXXXXXXXXXXXXXXX             -E---N---D-             XXXXXXXXXXXXXXXXXXXXXX 
2018-10-04 13:07:57,577 INFO  [Log] X 
2018-10-04 13:07:57,577 INFO  [Log] X 
2018-10-04 13:07:57,577 INFO  [Log] X 
2018-10-04 13:07:57,577 INFO  [Log] X 
2018-10-04 13:11:43,473 ERROR [Log] Class Utils | Method getCellData | Exception desc : null 
2018-10-04 13:11:48,549 INFO  [Log] **************************************************************************************** 
2018-10-04 13:11:48,549 INFO  [Log] **************************************************************************************** 
2018-10-04 13:11:48,549 INFO  [Log] $$$$$$$$$$$$$$$$$$$$$                 Login_01       $$$$$$$$$$$$$$$$$$$$$$$$$ 
2018-10-04 13:11:48,549 INFO  [Log] **************************************************************************************** 
2018-10-04 13:11:48,549 INFO  [Log] **************************************************************************************** 
2018-10-04 13:12:18,029 ERROR [Log] Class Utils | Method getCellData | Exception desc : null 
2018-10-04 13:12:18,029 INFO  [Log] opening browser 
2018-10-04 13:12:24,779 INFO  [Log] Closing the browser 
2018-10-04 13:12:26,146 INFO  [Log] XXXXXXXXXXXXXXXXXXXXXXX             -E---N---D-             XXXXXXXXXXXXXXXXXXXXXX 
2018-10-04 13:12:26,146 INFO  [Log] X 
2018-10-04 13:12:26,146 INFO  [Log] X 
2018-10-04 13:12:26,146 INFO  [Log] X 
2018-10-04 13:12:26,146 INFO  [Log] X 
2018-10-04 13:13:11,752 ERROR [Log] Class Utils | Method getCellData | Exception desc : null 
2018-10-04 13:13:13,247 INFO  [Log] **************************************************************************************** 
2018-10-04 13:13:13,247 INFO  [Log] **************************************************************************************** 
2018-10-04 13:13:13,247 INFO  [Log] $$$$$$$$$$$$$$$$$$$$$                 Login_02       $$$$$$$$$$$$$$$$$$$$$$$$$ 
2018-10-04 13:13:13,248 INFO  [Log] **************************************************************************************** 
2018-10-04 13:13:13,248 INFO  [Log] **************************************************************************************** 
2018-10-04 13:13:14,088 INFO  [Log] XXXXXXXXXXXXXXXXXXXXXXX             -E---N---D-             XXXXXXXXXXXXXXXXXXXXXX 
2018-10-04 13:13:14,088 INFO  [Log] X 
2018-10-04 13:13:14,088 INFO  [Log] X 
2018-10-04 13:13:14,088 INFO  [Log] X 
2018-10-04 13:13:14,088 INFO  [Log] X 
2018-10-04 13:40:00,443 ERROR [Log] Class Utils | Method getCellData | Exception desc : null 
2018-10-04 13:40:25,443 INFO  [Log] **************************************************************************************** 
2018-10-04 13:40:25,444 INFO  [Log] **************************************************************************************** 
2018-10-04 13:40:25,444 INFO  [Log] $$$$$$$$$$$$$$$$$$$$$                 Login_01       $$$$$$$$$$$$$$$$$$$$$$$$$ 
2018-10-04 13:40:25,444 INFO  [Log] **************************************************************************************** 
2018-10-04 13:40:25,444 INFO  [Log] **************************************************************************************** 
2018-10-04 13:40:53,482 ERROR [Log] Class Utils | Method getCellData | Exception desc : null 
2018-10-04 13:40:53,483 INFO  [Log] opening browser 
2018-10-04 13:40:59,558 INFO  [Log] Closing the browser 
2018-10-04 13:41:00,961 INFO  [Log] XXXXXXXXXXXXXXXXXXXXXXX             -E---N---D-             XXXXXXXXXXXXXXXXXXXXXX 
2018-10-04 13:41:00,961 INFO  [Log] X 
2018-10-04 13:41:00,961 INFO  [Log] X 
2018-10-04 13:41:00,961 INFO  [Log] X 
2018-10-04 13:41:00,961 INFO  [Log] X 
2018-10-04 13:42:45,685 ERROR [Log] Class Utils | Method getCellData | Exception desc : null 
2018-10-04 13:42:46,397 INFO  [Log] **************************************************************************************** 
2018-10-04 13:42:46,397 INFO  [Log] **************************************************************************************** 
2018-10-04 13:42:46,398 INFO  [Log] $$$$$$$$$$$$$$$$$$$$$                 Login_02       $$$$$$$$$$$$$$$$$$$$$$$$$ 
2018-10-04 13:42:46,398 INFO  [Log] **************************************************************************************** 
2018-10-04 13:42:46,398 INFO  [Log] **************************************************************************************** 
2018-10-04 13:42:48,915 INFO  [Log] XXXXXXXXXXXXXXXXXXXXXXX             -E---N---D-             XXXXXXXXXXXXXXXXXXXXXX 
2018-10-04 13:42:48,915 INFO  [Log] X 
2018-10-04 13:42:48,915 INFO  [Log] X 
2018-10-04 13:42:48,915 INFO  [Log] X 
2018-10-04 13:42:48,915 INFO  [Log] X 
2018-10-04 19:28:36,305 ERROR [Log] Class Utils | Method getCellData | Exception desc : null 
2018-10-04 19:28:36,306 INFO  [Log] **************************************************************************************** 
2018-10-04 19:28:36,307 INFO  [Log] **************************************************************************************** 
2018-10-04 19:28:36,307 INFO  [Log] $$$$$$$$$$$$$$$$$$$$$                 Login_01       $$$$$$$$$$$$$$$$$$$$$$$$$ 
2018-10-04 19:28:36,307 INFO  [Log] **************************************************************************************** 
2018-10-04 19:28:36,307 INFO  [Log] **************************************************************************************** 
2018-10-04 19:28:36,356 ERROR [Log] Class Utils | Method getCellData | Exception desc : null 
2018-10-04 19:28:36,567 INFO  [Log] XXXXXXXXXXXXXXXXXXXXXXX             -E---N---D-             XXXXXXXXXXXXXXXXXXXXXX 
2018-10-04 19:28:36,567 INFO  [Log] X 
2018-10-04 19:28:36,567 INFO  [Log] X 
2018-10-04 19:28:36,567 INFO  [Log] X 
2018-10-04 19:28:36,567 INFO  [Log] X 
2018-10-04 19:28:36,712 ERROR [Log] Class Utils | Method getCellData | Exception desc : null 
2018-10-04 19:28:36,712 INFO  [Log] **************************************************************************************** 
2018-10-04 19:28:36,712 INFO  [Log] **************************************************************************************** 
2018-10-04 19:28:36,712 INFO  [Log] $$$$$$$$$$$$$$$$$$$$$                 Login_02       $$$$$$$$$$$$$$$$$$$$$$$$$ 
2018-10-04 19:28:36,712 INFO  [Log] **************************************************************************************** 
2018-10-04 19:28:36,712 INFO  [Log] **************************************************************************************** 
2018-10-04 19:28:36,746 INFO  [Log] XXXXXXXXXXXXXXXXXXXXXXX             -E---N---D-             XXXXXXXXXXXXXXXXXXXXXX 
2018-10-04 19:28:36,747 INFO  [Log] X 
2018-10-04 19:28:36,747 INFO  [Log] X 
2018-10-04 19:28:36,747 INFO  [Log] X 
2018-10-04 19:28:36,747 INFO  [Log] X 
2018-10-04 19:34:20,548 ERROR [Log] Class Utils | Method getCellData | Exception desc : null 
2018-10-04 19:34:20,549 INFO  [Log] **************************************************************************************** 
2018-10-04 19:34:20,550 INFO  [Log] **************************************************************************************** 
2018-10-04 19:34:20,550 INFO  [Log] $$$$$$$$$$$$$$$$$$$$$                 Login_01       $$$$$$$$$$$$$$$$$$$$$$$$$ 
2018-10-04 19:34:20,550 INFO  [Log] **************************************************************************************** 
2018-10-04 19:34:20,550 INFO  [Log] **************************************************************************************** 
2018-10-04 19:34:20,550 ERROR [Log] Class Utils | Method getCellData | Exception desc : null 
2018-10-04 19:34:20,805 INFO  [Log] XXXXXXXXXXXXXXXXXXXXXXX             -E---N---D-             XXXXXXXXXXXXXXXXXXXXXX 
2018-10-04 19:34:20,807 INFO  [Log] X 
2018-10-04 19:34:20,807 INFO  [Log] X 
2018-10-04 19:34:20,807 INFO  [Log] X 
2018-10-04 19:34:20,807 INFO  [Log] X 
2018-10-04 19:34:20,808 ERROR [Log] Class Utils | Method getCellData | Exception desc : null 
2018-10-04 19:34:20,808 INFO  [Log] **************************************************************************************** 
2018-10-04 19:34:20,808 INFO  [Log] **************************************************************************************** 
2018-10-04 19:34:20,808 INFO  [Log] $$$$$$$$$$$$$$$$$$$$$                 Login_02       $$$$$$$$$$$$$$$$$$$$$$$$$ 
2018-10-04 19:34:20,808 INFO  [Log] **************************************************************************************** 
2018-10-04 19:34:20,808 INFO  [Log] **************************************************************************************** 
2018-10-04 19:34:20,878 INFO  [Log] XXXXXXXXXXXXXXXXXXXXXXX             -E---N---D-             XXXXXXXXXXXXXXXXXXXXXX 
2018-10-04 19:34:20,878 INFO  [Log] X 
2018-10-04 19:34:20,878 INFO  [Log] X 
2018-10-04 19:34:20,878 INFO  [Log] X 
2018-10-04 19:34:20,878 INFO  [Log] X 
2018-10-04 19:46:00,395 ERROR [Log] Class Utils | Method getCellData | Exception desc : null 
2018-10-04 19:46:00,401 INFO  [Log] **************************************************************************************** 
2018-10-04 19:46:00,401 INFO  [Log] **************************************************************************************** 
2018-10-04 19:46:00,401 INFO  [Log] $$$$$$$$$$$$$$$$$$$$$                 Login_01       $$$$$$$$$$$$$$$$$$$$$$$$$ 
2018-10-04 19:46:00,401 INFO  [Log] **************************************************************************************** 
2018-10-04 19:46:00,402 INFO  [Log] **************************************************************************************** 
2018-10-04 19:46:00,406 ERROR [Log] Class Utils | Method getCellData | Exception desc : null 
2018-10-04 19:46:01,010 INFO  [Log] Closing the browser 
2018-10-04 19:46:01,010 ERROR [Log] Not able to Close the Browser --- null 
2018-10-04 19:46:01,166 INFO  [Log] XXXXXXXXXXXXXXXXXXXXXXX             -E---N---D-             XXXXXXXXXXXXXXXXXXXXXX 
2018-10-04 19:46:01,166 INFO  [Log] X 
2018-10-04 19:46:01,166 INFO  [Log] X 
2018-10-04 19:46:01,166 INFO  [Log] X 
2018-10-04 19:46:01,167 INFO  [Log] X 
2018-10-04 19:46:01,168 ERROR [Log] Class Utils | Method getCellData | Exception desc : null 
2018-10-04 19:46:01,168 INFO  [Log] **************************************************************************************** 
2018-10-04 19:46:01,168 INFO  [Log] **************************************************************************************** 
2018-10-04 19:46:01,172 INFO  [Log] $$$$$$$$$$$$$$$$$$$$$                 Login_02       $$$$$$$$$$$$$$$$$$$$$$$$$ 
2018-10-04 19:46:01,174 INFO  [Log] **************************************************************************************** 
2018-10-04 19:46:01,174 INFO  [Log] **************************************************************************************** 
2018-10-04 19:46:01,288 INFO  [Log] XXXXXXXXXXXXXXXXXXXXXXX             -E---N---D-             XXXXXXXXXXXXXXXXXXXXXX 
2018-10-04 19:46:01,288 INFO  [Log] X 
2018-10-04 19:46:01,288 INFO  [Log] X 
2018-10-04 19:46:01,288 INFO  [Log] X 
2018-10-04 19:46:01,288 INFO  [Log] X 
2018-10-04 20:00:03,212 ERROR [Log] Class Utils | Method getCellData | Exception desc : null 
2018-10-04 20:00:03,214 INFO  [Log] **************************************************************************************** 
2018-10-04 20:00:03,214 INFO  [Log] **************************************************************************************** 
2018-10-04 20:00:03,214 INFO  [Log] $$$$$$$$$$$$$$$$$$$$$                 Login_01       $$$$$$$$$$$$$$$$$$$$$$$$$ 
2018-10-04 20:00:03,214 INFO  [Log] **************************************************************************************** 
2018-10-04 20:00:03,214 INFO  [Log] **************************************************************************************** 
2018-10-04 20:00:03,541 INFO  [Log] Navigate to URL 
2018-10-04 20:00:03,541 INFO  [Log] Not able to navigate --- null 
2018-10-04 20:00:03,616 INFO  [Log] Closing the browser 
2018-10-04 20:00:03,616 ERROR [Log] Not able to Close the Browser --- null 
2018-10-04 20:00:03,675 INFO  [Log] XXXXXXXXXXXXXXXXXXXXXXX             -E---N---D-             XXXXXXXXXXXXXXXXXXXXXX 
2018-10-04 20:00:03,675 INFO  [Log] X 
2018-10-04 20:00:03,675 INFO  [Log] X 
2018-10-04 20:00:03,675 INFO  [Log] X 
2018-10-04 20:00:03,675 INFO  [Log] X 
2018-10-04 20:00:03,677 ERROR [Log] Class Utils | Method getCellData | Exception desc : null 
2018-10-04 20:00:03,677 INFO  [Log] **************************************************************************************** 
2018-10-04 20:00:03,677 INFO  [Log] **************************************************************************************** 
2018-10-04 20:00:03,677 INFO  [Log] $$$$$$$$$$$$$$$$$$$$$                 Login_02       $$$$$$$$$$$$$$$$$$$$$$$$$ 
2018-10-04 20:00:03,677 INFO  [Log] **************************************************************************************** 
2018-10-04 20:00:03,677 INFO  [Log] **************************************************************************************** 
2018-10-04 20:00:03,728 INFO  [Log] XXXXXXXXXXXXXXXXXXXXXXX             -E---N---D-             XXXXXXXXXXXXXXXXXXXXXX 
2018-10-04 20:00:03,728 INFO  [Log] X 
2018-10-04 20:00:03,728 INFO  [Log] X 
2018-10-04 20:00:03,728 INFO  [Log] X 
2018-10-04 20:00:03,728 INFO  [Log] X 
2018-10-04 21:01:39,599 ERROR [Log] Class Utils | Method getCellData | Exception desc : null 
2018-10-04 21:01:39,601 INFO  [Log] **************************************************************************************** 
2018-10-04 21:01:39,601 INFO  [Log] **************************************************************************************** 
2018-10-04 21:01:39,601 INFO  [Log] $$$$$$$$$$$$$$$$$$$$$                 Login_01       $$$$$$$$$$$$$$$$$$$$$$$$$ 
2018-10-04 21:01:39,601 INFO  [Log] **************************************************************************************** 
2018-10-04 21:01:39,601 INFO  [Log] **************************************************************************************** 
2018-10-04 21:01:39,862 INFO  [Log] Navigate to URL 
2018-10-04 21:01:39,862 INFO  [Log] Not able to navigate --- null 
2018-10-04 21:01:40,410 INFO  [Log] Closing the browser 
2018-10-04 21:01:40,410 ERROR [Log] Not able to Close the Browser --- null 
2018-10-04 21:01:40,480 INFO  [Log] XXXXXXXXXXXXXXXXXXXXXXX             -E---N---D-             XXXXXXXXXXXXXXXXXXXXXX 
2018-10-04 21:01:40,481 INFO  [Log] X 
2018-10-04 21:01:40,481 INFO  [Log] X 
2018-10-04 21:01:40,481 INFO  [Log] X 
2018-10-04 21:01:40,481 INFO  [Log] X 
2018-10-04 21:01:40,481 ERROR [Log] Class Utils | Method getCellData | Exception desc : null 
2018-10-04 21:01:40,481 INFO  [Log] **************************************************************************************** 
2018-10-04 21:01:40,481 INFO  [Log] **************************************************************************************** 
2018-10-04 21:01:40,481 INFO  [Log] $$$$$$$$$$$$$$$$$$$$$                 Login_02       $$$$$$$$$$$$$$$$$$$$$$$$$ 
2018-10-04 21:01:40,481 INFO  [Log] **************************************************************************************** 
2018-10-04 21:01:40,481 INFO  [Log] **************************************************************************************** 
2018-10-04 21:01:40,527 INFO  [Log] XXXXXXXXXXXXXXXXXXXXXXX             -E---N---D-             XXXXXXXXXXXXXXXXXXXXXX 
2018-10-04 21:01:40,528 INFO  [Log] X 
2018-10-04 21:01:40,528 INFO  [Log] X 
2018-10-04 21:01:40,528 INFO  [Log] X 
2018-10-04 21:01:40,528 INFO  [Log] X 
2018-10-04 21:03:12,478 ERROR [Log] Class Utils | Method getCellData | Exception desc : null 
2018-10-04 21:03:12,478 INFO  [Log] **************************************************************************************** 
2018-10-04 21:03:12,479 INFO  [Log] **************************************************************************************** 
2018-10-04 21:03:12,479 INFO  [Log] $$$$$$$$$$$$$$$$$$$$$                 Login_01       $$$$$$$$$$$$$$$$$$$$$$$$$ 
2018-10-04 21:03:12,479 INFO  [Log] **************************************************************************************** 
2018-10-04 21:03:12,479 INFO  [Log] **************************************************************************************** 
2018-10-04 21:03:12,711 INFO  [Log] Navigate to URL 
2018-10-04 21:03:12,712 INFO  [Log] Not able to navigate --- null 
2018-10-04 21:03:12,783 INFO  [Log] Closing the browser 
2018-10-04 21:03:12,784 ERROR [Log] Not able to Close the Browser --- null 
2018-10-04 21:03:12,846 INFO  [Log] XXXXXXXXXXXXXXXXXXXXXXX             -E---N---D-             XXXXXXXXXXXXXXXXXXXXXX 
2018-10-04 21:03:12,846 INFO  [Log] X 
2018-10-04 21:03:12,846 INFO  [Log] X 
2018-10-04 21:03:12,846 INFO  [Log] X 
2018-10-04 21:03:12,846 INFO  [Log] X 
2018-10-04 21:04:24,789 ERROR [Log] Class Utils | Method getCellData | Exception desc : null 
2018-10-04 21:04:24,790 INFO  [Log] **************************************************************************************** 
2018-10-04 21:04:24,790 INFO  [Log] **************************************************************************************** 
2018-10-04 21:04:24,790 INFO  [Log] $$$$$$$$$$$$$$$$$$$$$                 Login_01       $$$$$$$$$$$$$$$$$$$$$$$$$ 
2018-10-04 21:04:24,790 INFO  [Log] **************************************************************************************** 
2018-10-04 21:04:24,790 INFO  [Log] **************************************************************************************** 
2018-10-04 21:04:24,983 INFO  [Log] Navigate to URL 
2018-10-04 21:04:24,983 INFO  [Log] Not able to navigate --- null 
2018-10-04 21:04:25,050 INFO  [Log] Closing the browser 
2018-10-04 21:04:25,050 ERROR [Log] Not able to Close the Browser --- null 
2018-10-04 21:04:25,098 INFO  [Log] XXXXXXXXXXXXXXXXXXXXXXX             -E---N---D-             XXXXXXXXXXXXXXXXXXXXXX 
2018-10-04 21:04:25,098 INFO  [Log] X 
2018-10-04 21:04:25,098 INFO  [Log] X 
2018-10-04 21:04:25,098 INFO  [Log] X 
2018-10-04 21:04:25,098 INFO  [Log] X 
2018-10-04 21:21:09,273 ERROR [Log] Class Utils | Method getCellData | Exception desc : null 
2018-10-04 21:21:09,275 INFO  [Log] **************************************************************************************** 
2018-10-04 21:21:09,275 INFO  [Log] **************************************************************************************** 
2018-10-04 21:21:09,275 INFO  [Log] $$$$$$$$$$$$$$$$$$$$$                 Login_01       $$$$$$$$$$$$$$$$$$$$$$$$$ 
2018-10-04 21:21:09,276 INFO  [Log] **************************************************************************************** 
2018-10-04 21:21:09,276 INFO  [Log] **************************************************************************************** 
2018-10-04 21:21:09,521 INFO  [Log] Navigate to URL 
2018-10-04 21:21:09,521 INFO  [Log] Not able to navigate --- null 
2018-10-04 21:21:09,574 INFO  [Log] Closing the browser 
2018-10-04 21:21:09,574 ERROR [Log] Not able to Close the Browser --- null 
2018-10-04 21:21:09,623 INFO  [Log] XXXXXXXXXXXXXXXXXXXXXXX             -E---N---D-             XXXXXXXXXXXXXXXXXXXXXX 
2018-10-04 21:21:09,623 INFO  [Log] X 
2018-10-04 21:21:09,623 INFO  [Log] X 
2018-10-04 21:21:09,623 INFO  [Log] X 
2018-10-04 21:21:09,623 INFO  [Log] X 
2018-10-04 21:25:09,972 ERROR [Log] Class Utils | Method getCellData | Exception desc : null 
2018-10-04 21:25:09,972 INFO  [Log] **************************************************************************************** 
2018-10-04 21:25:09,972 INFO  [Log] **************************************************************************************** 
2018-10-04 21:25:09,972 INFO  [Log] $$$$$$$$$$$$$$$$$$$$$                 Login_01       $$$$$$$$$$$$$$$$$$$$$$$$$ 
2018-10-04 21:25:09,972 INFO  [Log] **************************************************************************************** 
2018-10-04 21:25:09,972 INFO  [Log] **************************************************************************************** 
2018-10-04 21:25:10,181 INFO  [Log] Navigate to URL 
2018-10-04 21:25:10,181 INFO  [Log] Not able to navigate --- null 
2018-10-04 21:25:10,240 INFO  [Log] Closing the browser 
2018-10-04 21:25:10,241 ERROR [Log] Not able to Close the Browser --- null 
2018-10-04 21:25:10,289 INFO  [Log] XXXXXXXXXXXXXXXXXXXXXXX             -E---N---D-             XXXXXXXXXXXXXXXXXXXXXX 
2018-10-04 21:25:10,290 INFO  [Log] X 
2018-10-04 21:25:10,290 INFO  [Log] X 
2018-10-04 21:25:10,290 INFO  [Log] X 
2018-10-04 21:25:10,290 INFO  [Log] X 
2018-10-05 09:42:42,963 ERROR [Log] Class Utils | Method getCellData | Exception desc : null 
2018-10-05 09:42:42,973 INFO  [Log] **************************************************************************************** 
2018-10-05 09:42:42,973 INFO  [Log] **************************************************************************************** 
2018-10-05 09:42:42,973 INFO  [Log] $$$$$$$$$$$$$$$$$$$$$                 Login_01       $$$$$$$$$$$$$$$$$$$$$$$$$ 
2018-10-05 09:42:42,973 INFO  [Log] **************************************************************************************** 
2018-10-05 09:42:42,973 INFO  [Log] **************************************************************************************** 
2018-10-05 09:42:43,261 INFO  [Log] Navigate to URL 
2018-10-05 09:42:43,261 INFO  [Log] Not able to navigate --- null 
2018-10-05 09:42:43,307 INFO  [Log] Closing the browser 
2018-10-05 09:42:43,307 ERROR [Log] Not able to Close the Browser --- null 
2018-10-05 09:42:43,351 INFO  [Log] XXXXXXXXXXXXXXXXXXXXXXX             -E---N---D-             XXXXXXXXXXXXXXXXXXXXXX 
2018-10-05 09:42:43,351 INFO  [Log] X 
2018-10-05 09:42:43,351 INFO  [Log] X 
2018-10-05 09:42:43,351 INFO  [Log] X 
2018-10-05 09:42:43,351 INFO  [Log] X 
2018-10-05 13:09:13,711 ERROR [Log] Class Utils | Method getCellData | Exception desc : null 
2018-10-05 13:09:13,713 INFO  [Log] **************************************************************************************** 
2018-10-05 13:09:13,713 INFO  [Log] **************************************************************************************** 
2018-10-05 13:09:13,713 INFO  [Log] $$$$$$$$$$$$$$$$$$$$$                 Login_01       $$$$$$$$$$$$$$$$$$$$$$$$$ 
2018-10-05 13:09:13,713 INFO  [Log] **************************************************************************************** 
2018-10-05 13:09:13,713 INFO  [Log] **************************************************************************************** 
2018-10-05 13:09:14,005 INFO  [Log] Navigate to URL 
2018-10-05 13:09:14,010 INFO  [Log] Not able to navigate --- null 
2018-10-05 13:09:14,164 INFO  [Log] Closing the browser 
2018-10-05 13:09:14,164 ERROR [Log] Not able to Close the Browser --- null 
2018-10-05 13:09:14,212 INFO  [Log] XXXXXXXXXXXXXXXXXXXXXXX             -E---N---D-             XXXXXXXXXXXXXXXXXXXXXX 
2018-10-05 13:09:14,212 INFO  [Log] X 
2018-10-05 13:09:14,212 INFO  [Log] X 
2018-10-05 13:09:14,212 INFO  [Log] X 
2018-10-05 13:09:14,212 INFO  [Log] X 
2018-10-05 13:09:44,718 ERROR [Log] Class Utils | Method getCellData | Exception desc : null 
2018-10-05 13:09:44,719 INFO  [Log] **************************************************************************************** 
2018-10-05 13:09:44,719 INFO  [Log] **************************************************************************************** 
2018-10-05 13:09:44,719 INFO  [Log] $$$$$$$$$$$$$$$$$$$$$                 Login_01       $$$$$$$$$$$$$$$$$$$$$$$$$ 
2018-10-05 13:09:44,719 INFO  [Log] **************************************************************************************** 
2018-10-05 13:09:44,719 INFO  [Log] **************************************************************************************** 
2018-10-05 13:09:44,897 INFO  [Log] Navigate to URL 
2018-10-05 13:09:44,897 INFO  [Log] Not able to navigate --- null 
2018-10-05 13:09:44,956 INFO  [Log] Closing the browser 
2018-10-05 13:09:44,957 ERROR [Log] Not able to Close the Browser --- null 
2018-10-05 13:09:45,012 INFO  [Log] XXXXXXXXXXXXXXXXXXXXXXX             -E---N---D-             XXXXXXXXXXXXXXXXXXXXXX 
2018-10-05 13:09:45,012 INFO  [Log] X 
2018-10-05 13:09:45,013 INFO  [Log] X 
2018-10-05 13:09:45,013 INFO  [Log] X 
2018-10-05 13:09:45,013 INFO  [Log] X 
2018-10-05 13:11:31,854 ERROR [Log] Class Utils | Method getCellData | Exception desc : null 
2018-10-05 13:11:31,854 INFO  [Log] **************************************************************************************** 
2018-10-05 13:11:31,854 INFO  [Log] **************************************************************************************** 
2018-10-05 13:11:31,855 INFO  [Log] $$$$$$$$$$$$$$$$$$$$$                 Login_01       $$$$$$$$$$$$$$$$$$$$$$$$$ 
2018-10-05 13:11:31,855 INFO  [Log] **************************************************************************************** 
2018-10-05 13:11:31,855 INFO  [Log] **************************************************************************************** 
2018-10-05 13:11:32,028 INFO  [Log] Navigate to URL 
2018-10-05 13:11:32,028 INFO  [Log] Not able to navigate --- null 
2018-10-05 13:11:32,078 INFO  [Log] Closing the browser 
2018-10-05 13:11:32,078 ERROR [Log] Not able to Close the Browser --- null 
2018-10-05 13:11:32,119 INFO  [Log] XXXXXXXXXXXXXXXXXXXXXXX             -E---N---D-             XXXXXXXXXXXXXXXXXXXXXX 
2018-10-05 13:11:32,119 INFO  [Log] X 
2018-10-05 13:11:32,119 INFO  [Log] X 
2018-10-05 13:11:32,119 INFO  [Log] X 
2018-10-05 13:11:32,119 INFO  [Log] X 
2018-10-05 13:13:32,553 ERROR [Log] Class Utils | Method getCellData | Exception desc : null 
2018-10-05 13:13:32,558 INFO  [Log] **************************************************************************************** 
2018-10-05 13:13:32,558 INFO  [Log] **************************************************************************************** 
2018-10-05 13:13:32,558 INFO  [Log] $$$$$$$$$$$$$$$$$$$$$                 Login_01       $$$$$$$$$$$$$$$$$$$$$$$$$ 
2018-10-05 13:13:32,558 INFO  [Log] **************************************************************************************** 
2018-10-05 13:13:32,558 INFO  [Log] **************************************************************************************** 
2018-10-05 13:13:32,738 INFO  [Log] Navigate to URL 
2018-10-05 13:13:32,738 INFO  [Log] Not able to navigate --- null 
2018-10-05 13:13:32,790 INFO  [Log] Closing the browser 
2018-10-05 13:13:32,791 ERROR [Log] Not able to Close the Browser --- null 
2018-10-05 13:13:32,835 INFO  [Log] XXXXXXXXXXXXXXXXXXXXXXX             -E---N---D-             XXXXXXXXXXXXXXXXXXXXXX 
2018-10-05 13:13:32,835 INFO  [Log] X 
2018-10-05 13:13:32,835 INFO  [Log] X 
2018-10-05 13:13:32,835 INFO  [Log] X 
2018-10-05 13:13:32,835 INFO  [Log] X 
2018-10-05 13:15:17,200 ERROR [Log] Class Utils | Method getCellData | Exception desc : null 
2018-10-05 13:15:17,202 INFO  [Log] **************************************************************************************** 
2018-10-05 13:15:17,203 INFO  [Log] **************************************************************************************** 
2018-10-05 13:15:17,203 INFO  [Log] $$$$$$$$$$$$$$$$$$$$$                 Login_01       $$$$$$$$$$$$$$$$$$$$$$$$$ 
2018-10-05 13:15:17,203 INFO  [Log] **************************************************************************************** 
2018-10-05 13:15:17,203 INFO  [Log] **************************************************************************************** 
2018-10-05 13:15:17,380 INFO  [Log] Navigate to URL 
2018-10-05 13:15:17,380 INFO  [Log] Not able to navigate --- null 
2018-10-05 13:15:17,434 INFO  [Log] Closing the browser 
2018-10-05 13:15:17,435 ERROR [Log] Not able to Close the Browser --- null 
2018-10-05 13:15:17,478 INFO  [Log] XXXXXXXXXXXXXXXXXXXXXXX             -E---N---D-             XXXXXXXXXXXXXXXXXXXXXX 
2018-10-05 13:15:17,478 INFO  [Log] X 
2018-10-05 13:15:17,478 INFO  [Log] X 
2018-10-05 13:15:17,478 INFO  [Log] X 
2018-10-05 13:15:17,478 INFO  [Log] X 
2018-10-05 14:54:30,016 ERROR [Log] Class Utils | Method getCellData | Exception desc : null 
2018-10-05 14:54:30,017 INFO  [Log] **************************************************************************************** 
2018-10-05 14:54:30,017 INFO  [Log] **************************************************************************************** 
2018-10-05 14:54:30,017 INFO  [Log] $$$$$$$$$$$$$$$$$$$$$                 Login_01       $$$$$$$$$$$$$$$$$$$$$$$$$ 
2018-10-05 14:54:30,017 INFO  [Log] **************************************************************************************** 
2018-10-05 14:54:30,017 INFO  [Log] **************************************************************************************** 
2018-10-05 14:54:30,428 INFO  [Log] Navigate to URL 
2018-10-05 14:54:30,428 INFO  [Log] Not able to navigate --- null 
2018-10-05 14:54:30,481 INFO  [Log] Closing the browser 
2018-10-05 14:54:30,481 ERROR [Log] Not able to Close the Browser --- null 
2018-10-05 14:54:30,531 INFO  [Log] XXXXXXXXXXXXXXXXXXXXXXX             -E---N---D-             XXXXXXXXXXXXXXXXXXXXXX 
2018-10-05 14:54:30,531 INFO  [Log] X 
2018-10-05 14:54:30,531 INFO  [Log] X 
2018-10-05 14:54:30,531 INFO  [Log] X 
2018-10-05 14:54:30,531 INFO  [Log] X 
2018-10-05 14:54:49,017 ERROR [Log] Class Utils | Method getCellData | Exception desc : null 
2018-10-05 14:54:49,018 INFO  [Log] **************************************************************************************** 
2018-10-05 14:54:49,018 INFO  [Log] **************************************************************************************** 
2018-10-05 14:54:49,018 INFO  [Log] $$$$$$$$$$$$$$$$$$$$$                 Login_01       $$$$$$$$$$$$$$$$$$$$$$$$$ 
2018-10-05 14:54:49,018 INFO  [Log] **************************************************************************************** 
2018-10-05 14:54:49,018 INFO  [Log] **************************************************************************************** 
2018-10-05 14:54:49,199 INFO  [Log] Navigate to URL 
2018-10-05 14:54:49,199 INFO  [Log] Not able to navigate --- null 
2018-10-05 14:54:49,250 INFO  [Log] Closing the browser 
2018-10-05 14:54:49,250 ERROR [Log] Not able to Close the Browser --- null 
2018-10-05 14:54:49,301 INFO  [Log] XXXXXXXXXXXXXXXXXXXXXXX             -E---N---D-             XXXXXXXXXXXXXXXXXXXXXX 
2018-10-05 14:54:49,301 INFO  [Log] X 
2018-10-05 14:54:49,301 INFO  [Log] X 
2018-10-05 14:54:49,301 INFO  [Log] X 
2018-10-05 14:54:49,301 INFO  [Log] X 
2018-10-05 21:26:52,389 ERROR [Log] Class Utils | Method getCellData | Exception desc : null 
2018-10-05 21:26:52,391 INFO  [Log] **************************************************************************************** 
2018-10-05 21:26:52,391 INFO  [Log] **************************************************************************************** 
2018-10-05 21:26:52,391 INFO  [Log] $$$$$$$$$$$$$$$$$$$$$                 Login_01       $$$$$$$$$$$$$$$$$$$$$$$$$ 
2018-10-05 21:26:52,391 INFO  [Log] **************************************************************************************** 
2018-10-05 21:26:52,391 INFO  [Log] **************************************************************************************** 
2018-10-05 21:26:52,761 INFO  [Log] Navigate to URL 
2018-10-05 21:26:52,761 INFO  [Log] Not able to navigate --- null 
2018-10-05 21:26:52,812 INFO  [Log] Closing the browser 
2018-10-05 21:26:52,812 ERROR [Log] Not able to Close the Browser --- null 
2018-10-05 21:26:52,857 INFO  [Log] XXXXXXXXXXXXXXXXXXXXXXX             -E---N---D-             XXXXXXXXXXXXXXXXXXXXXX 
2018-10-05 21:26:52,857 INFO  [Log] X 
2018-10-05 21:26:52,857 INFO  [Log] X 
2018-10-05 21:26:52,857 INFO  [Log] X 
2018-10-05 21:26:52,857 INFO  [Log] X 
2018-10-08 21:20:56,403 ERROR [Log] Class Utils | Method getCellData | Exception desc : null 
2018-10-08 21:20:56,404 INFO  [Log] **************************************************************************************** 
2018-10-08 21:20:56,404 INFO  [Log] **************************************************************************************** 
2018-10-08 21:20:56,404 INFO  [Log] $$$$$$$$$$$$$$$$$$$$$                 Login_01       $$$$$$$$$$$$$$$$$$$$$$$$$ 
2018-10-08 21:20:56,405 INFO  [Log] **************************************************************************************** 
2018-10-08 21:20:56,405 INFO  [Log] **************************************************************************************** 
2018-10-08 21:20:56,712 INFO  [Log] Navigate to URL 
2018-10-08 21:20:56,712 INFO  [Log] Not able to navigate --- null 
2018-10-08 21:20:57,042 INFO  [Log] Closing the browser 
2018-10-08 21:20:57,042 ERROR [Log] Not able to Close the Browser --- null 
2018-10-08 21:20:57,100 INFO  [Log] XXXXXXXXXXXXXXXXXXXXXXX             -E---N---D-             XXXXXXXXXXXXXXXXXXXXXX 
2018-10-08 21:20:57,100 INFO  [Log] X 
2018-10-08 21:20:57,100 INFO  [Log] X 
2018-10-08 21:20:57,100 INFO  [Log] X 
2018-10-08 21:20:57,100 INFO  [Log] X 
